{"total": {"lines":{"total":92,"covered":92,"skipped":0,"pct":100},"statements":{"total":96,"covered":96,"skipped":0,"pct":100},"functions":{"total":80,"covered":80,"skipped":0,"pct":100},"branches":{"total":6,"covered":6,"skipped":0,"pct":100},"branchesTrue":{"total":0,"covered":0,"skipped":0,"pct":100}}
,"/Users/mieszko/home/projects/this-is-ok/library/src/option/option.ts": {"lines":{"total":44,"covered":44,"skipped":0,"pct":100},"functions":{"total":38,"covered":38,"skipped":0,"pct":100},"statements":{"total":46,"covered":46,"skipped":0,"pct":100},"branches":{"total":6,"covered":6,"skipped":0,"pct":100}}
,"/Users/mieszko/home/projects/this-is-ok/library/src/result/result.ts": {"lines":{"total":48,"covered":48,"skipped":0,"pct":100},"functions":{"total":42,"covered":42,"skipped":0,"pct":100},"statements":{"total":50,"covered":50,"skipped":0,"pct":100},"branches":{"total":0,"covered":0,"skipped":0,"pct":100}}
}
